[ 2017-04-07T09:56:49+08:00 ] 127.0.0.1 127.0.0.1 GET /blog/public/index.php/admin/login
[ log ] 127.0.0.1/blog/public/index.php/admin/login [运行时间：0.687934s][吞吐率：1.45req/s] [内存消耗：2,922.68kb] [文件加载：45]
[ info ] [ LANG ] C:\wamp64\www\blog\thinkphp\lang\zh-cn.php
[ info ] [ ROUTE ] array (
  'type' => 'module',
  'module' => 
  array (
    0 => 'admin',
    1 => 'login',
    2 => NULL,
  ),
)
[ info ] [ HEADER ] array (
  'host' => '127.0.0.1',
  'connection' => 'keep-alive',
  'upgrade-insecure-requests' => '1',
  'user-agent' => 'Mozilla/5.0 (Windows NT 10.0; Win64; x64) AppleWebKit/537.36 (KHTML, like Gecko) Chrome/57.0.2987.133 Safari/537.36',
  'accept' => 'text/html,application/xhtml+xml,application/xml;q=0.9,image/webp,*/*;q=0.8',
  'accept-encoding' => 'gzip, deflate, sdch, br',
  'accept-language' => 'zh-CN,zh;q=0.8,zh-TW;q=0.6,en-US;q=0.4,en;q=0.2,en-CA;q=0.2',
  'cookie' => '_ga=GA1.1.1330015033.1473246793; UM_distinctid=15ab895b67662c-0f2952577180c6-57e1b3c-144000-15ab895b6777fe; PHPSESSID=6gcsp6thbd9nb3c7mnnp7a6s06; Hm_lvt_f7af8e8a38a0e72bc5add237ff33d4d4=1490357123; Hm_lpvt_f7af8e8a38a0e72bc5add237ff33d4d4=1490357593; CNZZDATA681872=cnzz_eid%3D907172001-1488945760-%26ntime%3D1491315004',
  'alexatoolbar-alx_ns_ph' => 'AlexaToolbar/alx-4.0',
)
[ info ] [ PARAM ] array (
)
[ info ] [ RUN ] app\admin\controller\Login->index[ C:\wamp64\www\blog\application\admin\controller\Login.php ]
[ info ] [ VIEW ] C:\wamp64\www\blog\public/../application/admin\view\login\login.html [ array (
) ]
[ info ] [ LOG ] INIT File

---------------------------------------------------------------
[ 2017-04-07T09:56:55+08:00 ] 127.0.0.1 127.0.0.1 POST /blog/public/index.php/admin/login
[ log ] 127.0.0.1/blog/public/index.php/admin/login [运行时间：0.242474s][吞吐率：4.12req/s] [内存消耗：4,816.55kb] [文件加载：56]
[ info ] [ LANG ] C:\wamp64\www\blog\thinkphp\lang\zh-cn.php
[ info ] [ ROUTE ] array (
  'type' => 'module',
  'module' => 
  array (
    0 => 'admin',
    1 => 'login',
    2 => NULL,
  ),
)
[ info ] [ HEADER ] array (
  'host' => '127.0.0.1',
  'connection' => 'keep-alive',
  'content-length' => '30',
  'cache-control' => 'max-age=0',
  'origin' => 'http://127.0.0.1',
  'upgrade-insecure-requests' => '1',
  'user-agent' => 'Mozilla/5.0 (Windows NT 10.0; Win64; x64) AppleWebKit/537.36 (KHTML, like Gecko) Chrome/57.0.2987.133 Safari/537.36',
  'content-type' => 'application/x-www-form-urlencoded',
  'accept' => 'text/html,application/xhtml+xml,application/xml;q=0.9,image/webp,*/*;q=0.8',
  'referer' => 'http://127.0.0.1/blog/public/index.php/admin/login',
  'accept-encoding' => 'gzip, deflate, br',
  'accept-language' => 'zh-CN,zh;q=0.8,zh-TW;q=0.6,en-US;q=0.4,en;q=0.2,en-CA;q=0.2',
  'cookie' => '_ga=GA1.1.1330015033.1473246793; UM_distinctid=15ab895b67662c-0f2952577180c6-57e1b3c-144000-15ab895b6777fe; PHPSESSID=6gcsp6thbd9nb3c7mnnp7a6s06; Hm_lvt_f7af8e8a38a0e72bc5add237ff33d4d4=1490357123; Hm_lpvt_f7af8e8a38a0e72bc5add237ff33d4d4=1490357593; CNZZDATA681872=cnzz_eid%3D907172001-1488945760-%26ntime%3D1491315004',
  'alexatoolbar-alx_ns_ph' => 'AlexaToolbar/alx-4.0',
)
[ info ] [ PARAM ] array (
  'username' => 'admin',
  'password' => '123456',
)
[ info ] [ RUN ] app\admin\controller\Login->index[ C:\wamp64\www\blog\application\admin\controller\Login.php ]
[ info ] [ DB ] INIT mysql
[ info ] [ SESSION ] INIT array (
  'id' => '',
  'var_session_id' => '',
  'prefix' => 'think',
  'type' => '',
  'auto_start' => true,
)
[ info ] [ VIEW ] C:\wamp64\www\blog\thinkphp\tpl\dispatch_jump.tpl [ array (
  0 => 'code',
  1 => 'msg',
  2 => 'data',
  3 => 'url',
  4 => 'wait',
) ]
[ info ] [ LOG ] INIT File
[ sql ] [ DB ] CONNECT:[ UseTime:0.011109s ] mysql:dbname=myblog;host=127.0.0.1;charset=utf8
[ sql ] [ SQL ] SHOW COLUMNS FROM `blog_admin` [ RunTime:0.005827s ]
[ sql ] [ SQL ] SELECT * FROM `blog_admin` WHERE  `username` = 'admin' LIMIT 1 [ RunTime:0.000934s ]

---------------------------------------------------------------
[ 2017-04-07T09:56:58+08:00 ] 127.0.0.1 127.0.0.1 GET /blog/public/index.php/admin/index/index.html
[ log ] 127.0.0.1/blog/public/index.php/admin/index/index.html [运行时间：0.153511s][吞吐率：6.51req/s] [内存消耗：3,037.44kb] [文件加载：47]
[ info ] [ LANG ] C:\wamp64\www\blog\thinkphp\lang\zh-cn.php
[ info ] [ ROUTE ] array (
  'type' => 'module',
  'module' => 
  array (
    0 => 'admin',
    1 => 'index',
    2 => 'index',
  ),
)
[ info ] [ HEADER ] array (
  'host' => '127.0.0.1',
  'connection' => 'keep-alive',
  'upgrade-insecure-requests' => '1',
  'user-agent' => 'Mozilla/5.0 (Windows NT 10.0; Win64; x64) AppleWebKit/537.36 (KHTML, like Gecko) Chrome/57.0.2987.133 Safari/537.36',
  'accept' => 'text/html,application/xhtml+xml,application/xml;q=0.9,image/webp,*/*;q=0.8',
  'referer' => 'http://127.0.0.1/blog/public/index.php/admin/login',
  'accept-encoding' => 'gzip, deflate, sdch, br',
  'accept-language' => 'zh-CN,zh;q=0.8,zh-TW;q=0.6,en-US;q=0.4,en;q=0.2,en-CA;q=0.2',
  'cookie' => '_ga=GA1.1.1330015033.1473246793; UM_distinctid=15ab895b67662c-0f2952577180c6-57e1b3c-144000-15ab895b6777fe; PHPSESSID=6gcsp6thbd9nb3c7mnnp7a6s06; Hm_lvt_f7af8e8a38a0e72bc5add237ff33d4d4=1490357123; Hm_lpvt_f7af8e8a38a0e72bc5add237ff33d4d4=1490357593; CNZZDATA681872=cnzz_eid%3D907172001-1488945760-%26ntime%3D1491315004',
  'alexatoolbar-alx_ns_ph' => 'AlexaToolbar/alx-4.0',
)
[ info ] [ PARAM ] array (
)
[ info ] [ SESSION ] INIT array (
  'id' => '',
  'var_session_id' => '',
  'prefix' => 'think',
  'type' => '',
  'auto_start' => true,
)
[ info ] [ RUN ] app\admin\controller\Index->index[ C:\wamp64\www\blog\application\admin\controller\Index.php ]
[ info ] [ VIEW ] C:\wamp64\www\blog\public/../application/admin\view\index\index.html [ array (
) ]
[ info ] [ LOG ] INIT File

---------------------------------------------------------------
[ 2017-04-07T09:57:00+08:00 ] 127.0.0.1 127.0.0.1 GET /blog/public/index.php/admin/article/lst.html
[ log ] 127.0.0.1/blog/public/index.php/admin/article/lst.html [运行时间：0.201499s][吞吐率：4.96req/s] [内存消耗：4,571.35kb] [文件加载：57]
[ info ] [ LANG ] C:\wamp64\www\blog\thinkphp\lang\zh-cn.php
[ info ] [ ROUTE ] array (
  'type' => 'module',
  'module' => 
  array (
    0 => 'admin',
    1 => 'article',
    2 => 'lst',
  ),
)
[ info ] [ HEADER ] array (
  'host' => '127.0.0.1',
  'connection' => 'keep-alive',
  'upgrade-insecure-requests' => '1',
  'user-agent' => 'Mozilla/5.0 (Windows NT 10.0; Win64; x64) AppleWebKit/537.36 (KHTML, like Gecko) Chrome/57.0.2987.133 Safari/537.36',
  'accept' => 'text/html,application/xhtml+xml,application/xml;q=0.9,image/webp,*/*;q=0.8',
  'referer' => 'http://127.0.0.1/blog/public/index.php/admin/index/index.html',
  'accept-encoding' => 'gzip, deflate, sdch, br',
  'accept-language' => 'zh-CN,zh;q=0.8,zh-TW;q=0.6,en-US;q=0.4,en;q=0.2,en-CA;q=0.2',
  'cookie' => '_ga=GA1.1.1330015033.1473246793; UM_distinctid=15ab895b67662c-0f2952577180c6-57e1b3c-144000-15ab895b6777fe; PHPSESSID=6gcsp6thbd9nb3c7mnnp7a6s06; Hm_lvt_f7af8e8a38a0e72bc5add237ff33d4d4=1490357123; Hm_lpvt_f7af8e8a38a0e72bc5add237ff33d4d4=1490357593; CNZZDATA681872=cnzz_eid%3D907172001-1488945760-%26ntime%3D1491315004',
  'alexatoolbar-alx_ns_ph' => 'AlexaToolbar/alx-4.0',
)
[ info ] [ PARAM ] array (
)
[ info ] [ SESSION ] INIT array (
  'id' => '',
  'var_session_id' => '',
  'prefix' => 'think',
  'type' => '',
  'auto_start' => true,
)
[ info ] [ RUN ] app\admin\controller\Article->lst[ C:\wamp64\www\blog\application\admin\controller\Article.php ]
[ info ] [ DB ] INIT mysql
[ info ] [ VIEW ] C:\wamp64\www\blog\public/../application/admin\view\article\lst.html [ array (
  0 => 'artres',
) ]
[ info ] [ LOG ] INIT File
[ sql ] [ DB ] CONNECT:[ UseTime:0.001686s ] mysql:dbname=myblog;host=127.0.0.1;charset=utf8
[ sql ] [ SQL ] SHOW COLUMNS FROM `blog_cate` [ RunTime:0.001626s ]
[ sql ] [ SQL ] SELECT COUNT(*) AS tp_count FROM `blog_cate` `a` RIGHT JOIN `blog_article` `c` ON `c`.`cateid`=`a`.`id` LIMIT 1 [ RunTime:0.001276s ]
[ sql ] [ SQL ] SELECT * FROM `blog_cate` `a` RIGHT JOIN `blog_article` `c` ON `c`.`cateid`=`a`.`id` LIMIT 0,25 [ RunTime:0.000676s ]

---------------------------------------------------------------
[ 2017-04-07T09:57:00+08:00 ] 127.0.0.1 127.0.0.1 GET /blog/public//admin/js/libs
[ log ] 127.0.0.1/blog/public//admin/js/libs [运行时间：0.119363s][吞吐率：8.38req/s] [内存消耗：2,485.95kb] [文件加载：40]
[ info ] [ LANG ] C:\wamp64\www\blog\thinkphp\lang\zh-cn.php
[ info ] [ ROUTE ] array (
  'type' => 'module',
  'module' => 
  array (
    0 => 'admin',
    1 => 'js',
    2 => 'libs',
  ),
)
[ info ] [ HEADER ] array (
  'host' => '127.0.0.1',
  'connection' => 'keep-alive',
  'user-agent' => 'Mozilla/5.0 (Windows NT 10.0; Win64; x64) AppleWebKit/537.36 (KHTML, like Gecko) Chrome/57.0.2987.133 Safari/537.36',
  'accept' => '*/*',
  'referer' => 'http://127.0.0.1/blog/public/index.php/admin/article/lst.html',
  'accept-encoding' => 'gzip, deflate, sdch, br',
  'accept-language' => 'zh-CN,zh;q=0.8,zh-TW;q=0.6,en-US;q=0.4,en;q=0.2,en-CA;q=0.2',
  'cookie' => '_ga=GA1.1.1330015033.1473246793; UM_distinctid=15ab895b67662c-0f2952577180c6-57e1b3c-144000-15ab895b6777fe; PHPSESSID=6gcsp6thbd9nb3c7mnnp7a6s06; Hm_lvt_f7af8e8a38a0e72bc5add237ff33d4d4=1490357123; Hm_lpvt_f7af8e8a38a0e72bc5add237ff33d4d4=1490357593; CNZZDATA681872=cnzz_eid%3D907172001-1488945760-%26ntime%3D1491315004',
  'alexatoolbar-alx_ns_ph' => 'AlexaToolbar/alx-4.0',
)
[ info ] [ PARAM ] array (
)
[ info ] [ LOG ] INIT File

---------------------------------------------------------------
[ 2017-04-07T09:57:02+08:00 ] 127.0.0.1 127.0.0.1 GET /blog/public/index.php/index/article/index/artid/1.html
[ log ] 127.0.0.1/blog/public/index.php/index/article/index/artid/1.html [运行时间：0.277527s][吞吐率：3.60req/s] [内存消耗：4,634.41kb] [文件加载：56]
[ info ] [ LANG ] C:\wamp64\www\blog\thinkphp\lang\zh-cn.php
[ info ] [ ROUTE ] array (
  'type' => 'module',
  'module' => 
  array (
    0 => 'index',
    1 => 'article',
    2 => 'index',
  ),
)
[ info ] [ HEADER ] array (
  'host' => '127.0.0.1',
  'connection' => 'keep-alive',
  'upgrade-insecure-requests' => '1',
  'user-agent' => 'Mozilla/5.0 (Windows NT 10.0; Win64; x64) AppleWebKit/537.36 (KHTML, like Gecko) Chrome/57.0.2987.133 Safari/537.36',
  'accept' => 'text/html,application/xhtml+xml,application/xml;q=0.9,image/webp,*/*;q=0.8',
  'referer' => 'http://127.0.0.1/blog/public/index.php/admin/article/lst.html',
  'accept-encoding' => 'gzip, deflate, sdch, br',
  'accept-language' => 'zh-CN,zh;q=0.8,zh-TW;q=0.6,en-US;q=0.4,en;q=0.2,en-CA;q=0.2',
  'cookie' => '_ga=GA1.1.1330015033.1473246793; UM_distinctid=15ab895b67662c-0f2952577180c6-57e1b3c-144000-15ab895b6777fe; PHPSESSID=6gcsp6thbd9nb3c7mnnp7a6s06; Hm_lvt_f7af8e8a38a0e72bc5add237ff33d4d4=1490357123; Hm_lpvt_f7af8e8a38a0e72bc5add237ff33d4d4=1490357593; CNZZDATA681872=cnzz_eid%3D907172001-1488945760-%26ntime%3D1491315004',
  'alexatoolbar-alx_ns_ph' => 'AlexaToolbar/alx-4.0',
)
[ info ] [ PARAM ] array (
  'artid' => '1',
)
[ info ] [ DB ] INIT mysql
[ info ] [ RUN ] app\index\controller\Article->index[ C:\wamp64\www\blog\application\index\controller\Article.php ]
[ info ] [ DB ] INIT mysql
[ info ] [ VIEW ] C:\wamp64\www\blog\public/../application/index\view\article\article.html [ array (
  0 => 'navres',
  1 => 'hotartres',
  2 => 'arts',
) ]
[ info ] [ LOG ] INIT File
[ sql ] [ DB ] CONNECT:[ UseTime:0.001504s ] mysql:dbname=myblog;host=127.0.0.1;charset=utf8
[ sql ] [ SQL ] SHOW COLUMNS FROM `blog_cate` [ RunTime:0.001661s ]
[ sql ] [ SQL ] SELECT * FROM `blog_cate` ORDER BY id asc [ RunTime:0.000717s ]
[ sql ] [ SQL ] SHOW COLUMNS FROM `blog_article` [ RunTime:0.001341s ]
[ sql ] [ SQL ] SELECT * FROM `blog_article` ORDER BY click desc LIMIT 10 [ RunTime:0.000704s ]
[ sql ] [ DB ] CONNECT:[ UseTime:0.001514s ] mysql:dbname=myblog;host=127.0.0.1;charset=utf8
[ sql ] [ SQL ] UPDATE `blog_article`  SET `click`=click+1  WHERE  `id` = 1 [ RunTime:0.001232s ]
[ sql ] [ SQL ] SELECT `a`.`keywords`,`a`.`pic`,`a`.`title`,`a`.`content`,`a`.`time`,`a`.`click`,`a`.`id`,`a`.`cateid`,`c`.`catename` FROM `blog_article` `a` LEFT JOIN `blog_cate` `c` ON `c`.`id`=`a`.`cateid` WHERE  `a`.`id` = '1' LIMIT 1 [ RunTime:0.000795s ]

---------------------------------------------------------------
[ 2017-04-07T09:57:05+08:00 ] 127.0.0.1 127.0.0.1 GET /blog/public/index.php/
[ log ] 127.0.0.1/blog/public/index.php/ [运行时间：0.224618s][吞吐率：4.45req/s] [内存消耗：4,807.17kb] [文件加载：59]
[ info ] [ LANG ] C:\wamp64\www\blog\thinkphp\lang\zh-cn.php
[ info ] [ ROUTE ] array (
  'type' => 'module',
  'module' => 
  array (
    0 => '',
    1 => NULL,
    2 => NULL,
  ),
)
[ info ] [ HEADER ] array (
  'host' => '127.0.0.1',
  'connection' => 'keep-alive',
  'upgrade-insecure-requests' => '1',
  'user-agent' => 'Mozilla/5.0 (Windows NT 10.0; Win64; x64) AppleWebKit/537.36 (KHTML, like Gecko) Chrome/57.0.2987.133 Safari/537.36',
  'accept' => 'text/html,application/xhtml+xml,application/xml;q=0.9,image/webp,*/*;q=0.8',
  'referer' => 'http://127.0.0.1/blog/public/index.php/index/article/index/artid/1.html',
  'accept-encoding' => 'gzip, deflate, sdch, br',
  'accept-language' => 'zh-CN,zh;q=0.8,zh-TW;q=0.6,en-US;q=0.4,en;q=0.2,en-CA;q=0.2',
  'cookie' => '_ga=GA1.1.1330015033.1473246793; UM_distinctid=15ab895b67662c-0f2952577180c6-57e1b3c-144000-15ab895b6777fe; PHPSESSID=6gcsp6thbd9nb3c7mnnp7a6s06; Hm_lvt_f7af8e8a38a0e72bc5add237ff33d4d4=1490357123; Hm_lpvt_f7af8e8a38a0e72bc5add237ff33d4d4=1490357593; CNZZDATA681872=cnzz_eid%3D907172001-1488945760-%26ntime%3D1491315004',
  'alexatoolbar-alx_ns_ph' => 'AlexaToolbar/alx-4.0',
)
[ info ] [ PARAM ] array (
)
[ info ] [ DB ] INIT mysql
[ info ] [ RUN ] app\index\controller\Index->index[ C:\wamp64\www\blog\application\index\controller\Index.php ]
[ info ] [ VIEW ] C:\wamp64\www\blog\public/../application/index\view\index\index.html [ array (
  0 => 'navres',
  1 => 'hotartres',
  2 => 'artres',
) ]
[ info ] [ LOG ] INIT File
[ sql ] [ DB ] CONNECT:[ UseTime:0.001376s ] mysql:dbname=myblog;host=127.0.0.1;charset=utf8
[ sql ] [ SQL ] SHOW COLUMNS FROM `blog_cate` [ RunTime:0.001118s ]
[ sql ] [ SQL ] SELECT * FROM `blog_cate` ORDER BY id asc [ RunTime:0.000583s ]
[ sql ] [ SQL ] SHOW COLUMNS FROM `blog_article` [ RunTime:0.000795s ]
[ sql ] [ SQL ] SELECT * FROM `blog_article` ORDER BY click desc LIMIT 10 [ RunTime:0.000554s ]
[ sql ] [ SQL ] SELECT COUNT(*) AS tp_count FROM `blog_article` `a` LEFT JOIN `blog_cate` `c` ON `c`.`id`=`a`.`cateid` LIMIT 1 [ RunTime:0.000576s ]
[ sql ] [ SQL ] SELECT `a`.`id`,`a`.`title`,`a`.`pic`,`a`.`time`,`a`.`desc`,`a`.`click`,`a`.`keywords`,`c`.`catename` FROM `blog_article` `a` LEFT JOIN `blog_cate` `c` ON `c`.`id`=`a`.`cateid` ORDER BY time asc LIMIT 0,7 [ RunTime:0.001246s ]

---------------------------------------------------------------
