[ 2017-03-20T18:19:59+08:00 ] 127.0.0.1 127.0.0.1 GET /blog/public/
[ log ] 127.0.0.1/blog/public/ [运行时间：0.037350s][吞吐率：26.77req/s] [内存消耗：2,406.67kb] [文件加载：38]
[ info ] [ LANG ] C:\wamp64\www\blog\thinkphp\lang\zh-cn.php
[ info ] [ ROUTE ] array (
  'type' => 'module',
  'module' => 
  array (
    0 => '',
    1 => NULL,
    2 => NULL,
  ),
)
[ info ] [ HEADER ] array (
  'host' => '127.0.0.1',
  'connection' => 'keep-alive',
  'upgrade-insecure-requests' => '1',
  'user-agent' => 'Mozilla/5.0 (Windows NT 10.0; Win64; x64) AppleWebKit/537.36 (KHTML, like Gecko) Chrome/56.0.2924.87 Safari/537.36',
  'accept' => 'text/html,application/xhtml+xml,application/xml;q=0.9,image/webp,*/*;q=0.8',
  'accept-encoding' => 'gzip, deflate, sdch, br',
  'accept-language' => 'zh-CN,zh;q=0.8,zh-TW;q=0.6,en-US;q=0.4,en;q=0.2,en-CA;q=0.2',
  'cookie' => '_ga=GA1.1.1330015033.1473246793; UM_distinctid=15ab895b67662c-0f2952577180c6-57e1b3c-144000-15ab895b6777fe; PHPSESSID=6gcsp6thbd9nb3c7mnnp7a6s06; CNZZDATA681872=cnzz_eid%3D907172001-1488945760-%26ntime%3D1490000718',
  'alexatoolbar-alx_ns_ph' => 'AlexaToolbar/alx-4.0',
)
[ info ] [ PARAM ] array (
)
[ info ] [ RUN ] app\index\controller\Index->index[ C:\wamp64\www\blog\application\index\controller\Index.php ]
[ info ] [ LOG ] INIT File

---------------------------------------------------------------
