[ 2017-03-30T20:16:24+08:00 ] 127.0.0.1 127.0.0.1 GET /blog/public/index.php/index/lst/index/cateid/1.html
[ log ] 127.0.0.1/blog/public/index.php/index/lst/index/cateid/1.html [运行时间：1.115901s][吞吐率：0.90req/s] [内存消耗：4,811.22kb] [文件加载：59]
[ info ] [ LANG ] C:\wamp64\www\blog\thinkphp\lang\zh-cn.php
[ info ] [ ROUTE ] array (
  'type' => 'module',
  'module' => 
  array (
    0 => 'index',
    1 => 'lst',
    2 => 'index',
  ),
)
[ info ] [ HEADER ] array (
  'host' => '127.0.0.1',
  'connection' => 'keep-alive',
  'upgrade-insecure-requests' => '1',
  'user-agent' => 'Mozilla/5.0 (Windows NT 10.0; Win64; x64) AppleWebKit/537.36 (KHTML, like Gecko) Chrome/56.0.2924.87 Safari/537.36',
  'accept' => 'text/html,application/xhtml+xml,application/xml;q=0.9,image/webp,*/*;q=0.8',
  'accept-encoding' => 'gzip, deflate, sdch, br',
  'accept-language' => 'zh-CN,zh;q=0.8,zh-TW;q=0.6,en-US;q=0.4,en;q=0.2,en-CA;q=0.2',
  'cookie' => '_ga=GA1.1.1330015033.1473246793; UM_distinctid=15ab895b67662c-0f2952577180c6-57e1b3c-144000-15ab895b6777fe; PHPSESSID=6gcsp6thbd9nb3c7mnnp7a6s06; Hm_lvt_f7af8e8a38a0e72bc5add237ff33d4d4=1490357123; Hm_lpvt_f7af8e8a38a0e72bc5add237ff33d4d4=1490357593; CNZZDATA681872=cnzz_eid%3D907172001-1488945760-%26ntime%3D1490791929',
  'alexatoolbar-alx_ns_ph' => 'AlexaToolbar/alx-4.0',
)
[ info ] [ PARAM ] array (
  'cateid' => '1',
)
[ info ] [ DB ] INIT mysql
[ info ] [ RUN ] app\index\controller\Lst->index[ C:\wamp64\www\blog\application\index\controller\Lst.php ]
[ info ] [ VIEW ] C:\wamp64\www\blog\public/../application/index\view\lst\lst.html [ array (
  0 => 'navres',
  1 => 'hotartres',
  2 => 'artres',
  3 => 'catename',
) ]
[ info ] [ LOG ] INIT File
[ sql ] [ DB ] CONNECT:[ UseTime:0.001431s ] mysql:dbname=myblog;host=127.0.0.1;charset=utf8
[ sql ] [ SQL ] SHOW COLUMNS FROM `blog_cate` [ RunTime:0.001106s ]
[ sql ] [ SQL ] SELECT * FROM `blog_cate` ORDER BY id asc [ RunTime:0.000819s ]
[ sql ] [ SQL ] SHOW COLUMNS FROM `blog_article` [ RunTime:0.000815s ]
[ sql ] [ SQL ] SELECT * FROM `blog_article` ORDER BY click desc LIMIT 10 [ RunTime:0.000594s ]
[ sql ] [ SQL ] SELECT `catename` FROM `blog_cate` WHERE  `id` = 1 LIMIT 1 [ RunTime:0.000691s ]
[ sql ] [ SQL ] SELECT COUNT(*) AS tp_count FROM `blog_article` WHERE  `cateid` = 1 LIMIT 1 [ RunTime:0.000660s ]
[ sql ] [ SQL ] SELECT * FROM `blog_article` WHERE  `cateid` = 1 ORDER BY id desc LIMIT 0,2 [ RunTime:0.000655s ]

---------------------------------------------------------------
[ 2017-03-30T20:29:09+08:00 ] 127.0.0.1 127.0.0.1 GET /blog/public/index.php/index/lst/index/cateid/1.html
[ log ] 127.0.0.1/blog/public/index.php/index/lst/index/cateid/1.html [运行时间：0.112914s][吞吐率：8.86req/s] [内存消耗：4,549.24kb] [文件加载：57]
[ info ] [ LANG ] C:\wamp64\www\blog\thinkphp\lang\zh-cn.php
[ info ] [ ROUTE ] array (
  'type' => 'module',
  'module' => 
  array (
    0 => 'index',
    1 => 'lst',
    2 => 'index',
  ),
)
[ info ] [ HEADER ] array (
  'host' => '127.0.0.1',
  'connection' => 'keep-alive',
  'cache-control' => 'max-age=0',
  'upgrade-insecure-requests' => '1',
  'user-agent' => 'Mozilla/5.0 (Windows NT 10.0; Win64; x64) AppleWebKit/537.36 (KHTML, like Gecko) Chrome/56.0.2924.87 Safari/537.36',
  'accept' => 'text/html,application/xhtml+xml,application/xml;q=0.9,image/webp,*/*;q=0.8',
  'accept-encoding' => 'gzip, deflate, sdch, br',
  'accept-language' => 'zh-CN,zh;q=0.8,zh-TW;q=0.6,en-US;q=0.4,en;q=0.2,en-CA;q=0.2',
  'cookie' => '_ga=GA1.1.1330015033.1473246793; UM_distinctid=15ab895b67662c-0f2952577180c6-57e1b3c-144000-15ab895b6777fe; PHPSESSID=6gcsp6thbd9nb3c7mnnp7a6s06; Hm_lvt_f7af8e8a38a0e72bc5add237ff33d4d4=1490357123; Hm_lpvt_f7af8e8a38a0e72bc5add237ff33d4d4=1490357593; CNZZDATA681872=cnzz_eid%3D907172001-1488945760-%26ntime%3D1490791929',
  'alexatoolbar-alx_ns_ph' => 'AlexaToolbar/alx-4.0',
)
[ info ] [ PARAM ] array (
  'cateid' => '1',
)
[ info ] [ DB ] INIT mysql
[ info ] [ RUN ] app\index\controller\Lst->index[ C:\wamp64\www\blog\application\index\controller\Lst.php ]
[ info ] [ VIEW ] C:\wamp64\www\blog\public/../application/index\view\lst\lst.html [ array (
  0 => 'navres',
  1 => 'hotartres',
  2 => 'artres',
  3 => 'catename',
) ]
[ info ] [ LOG ] INIT File
[ sql ] [ DB ] CONNECT:[ UseTime:0.001457s ] mysql:dbname=myblog;host=127.0.0.1;charset=utf8
[ sql ] [ SQL ] SHOW COLUMNS FROM `blog_cate` [ RunTime:0.001080s ]
[ sql ] [ SQL ] SELECT * FROM `blog_cate` ORDER BY id asc [ RunTime:0.000871s ]
[ sql ] [ SQL ] SHOW COLUMNS FROM `blog_article` [ RunTime:0.000739s ]
[ sql ] [ SQL ] SELECT * FROM `blog_article` ORDER BY click desc LIMIT 10 [ RunTime:0.000662s ]
[ sql ] [ SQL ] SELECT `catename` FROM `blog_cate` WHERE  `id` = 1 LIMIT 1 [ RunTime:0.000788s ]
[ sql ] [ SQL ] SELECT COUNT(*) AS tp_count FROM `blog_article` WHERE  `cateid` = 1 LIMIT 1 [ RunTime:0.000647s ]
[ sql ] [ SQL ] SELECT * FROM `blog_article` WHERE  `cateid` = 1 ORDER BY id desc LIMIT 0,2 [ RunTime:0.000722s ]

---------------------------------------------------------------
[ 2017-03-30T20:29:24+08:00 ] 127.0.0.1 127.0.0.1 GET /blog/public/index.php/index/tmie/indexl
[ log ] 127.0.0.1/blog/public/index.php/index/tmie/indexl [运行时间：0.116392s][吞吐率：8.59req/s] [内存消耗：2,486.02kb] [文件加载：40]
[ info ] [ LANG ] C:\wamp64\www\blog\thinkphp\lang\zh-cn.php
[ info ] [ ROUTE ] array (
  'type' => 'module',
  'module' => 
  array (
    0 => 'index',
    1 => 'tmie',
    2 => 'indexl',
  ),
)
[ info ] [ HEADER ] array (
  'host' => '127.0.0.1',
  'connection' => 'keep-alive',
  'upgrade-insecure-requests' => '1',
  'user-agent' => 'Mozilla/5.0 (Windows NT 10.0; Win64; x64) AppleWebKit/537.36 (KHTML, like Gecko) Chrome/56.0.2924.87 Safari/537.36',
  'accept' => 'text/html,application/xhtml+xml,application/xml;q=0.9,image/webp,*/*;q=0.8',
  'accept-encoding' => 'gzip, deflate, sdch, br',
  'accept-language' => 'zh-CN,zh;q=0.8,zh-TW;q=0.6,en-US;q=0.4,en;q=0.2,en-CA;q=0.2',
  'cookie' => '_ga=GA1.1.1330015033.1473246793; UM_distinctid=15ab895b67662c-0f2952577180c6-57e1b3c-144000-15ab895b6777fe; PHPSESSID=6gcsp6thbd9nb3c7mnnp7a6s06; Hm_lvt_f7af8e8a38a0e72bc5add237ff33d4d4=1490357123; Hm_lpvt_f7af8e8a38a0e72bc5add237ff33d4d4=1490357593; CNZZDATA681872=cnzz_eid%3D907172001-1488945760-%26ntime%3D1490791929',
  'alexatoolbar-alx_ns_ph' => 'AlexaToolbar/alx-4.0',
)
[ info ] [ PARAM ] array (
)
[ info ] [ LOG ] INIT File

---------------------------------------------------------------
[ 2017-03-30T20:29:44+08:00 ] 127.0.0.1 127.0.0.1 GET /blog/public/index.php/index/lst/index/cateid/1.html
[ log ] 127.0.0.1/blog/public/index.php/index/lst/index/cateid/1.html [运行时间：0.101771s][吞吐率：9.83req/s] [内存消耗：4,549.24kb] [文件加载：57]
[ info ] [ LANG ] C:\wamp64\www\blog\thinkphp\lang\zh-cn.php
[ info ] [ ROUTE ] array (
  'type' => 'module',
  'module' => 
  array (
    0 => 'index',
    1 => 'lst',
    2 => 'index',
  ),
)
[ info ] [ HEADER ] array (
  'host' => '127.0.0.1',
  'connection' => 'keep-alive',
  'cache-control' => 'max-age=0',
  'upgrade-insecure-requests' => '1',
  'user-agent' => 'Mozilla/5.0 (Windows NT 10.0; Win64; x64) AppleWebKit/537.36 (KHTML, like Gecko) Chrome/56.0.2924.87 Safari/537.36',
  'accept' => 'text/html,application/xhtml+xml,application/xml;q=0.9,image/webp,*/*;q=0.8',
  'accept-encoding' => 'gzip, deflate, sdch, br',
  'accept-language' => 'zh-CN,zh;q=0.8,zh-TW;q=0.6,en-US;q=0.4,en;q=0.2,en-CA;q=0.2',
  'cookie' => '_ga=GA1.1.1330015033.1473246793; UM_distinctid=15ab895b67662c-0f2952577180c6-57e1b3c-144000-15ab895b6777fe; PHPSESSID=6gcsp6thbd9nb3c7mnnp7a6s06; Hm_lvt_f7af8e8a38a0e72bc5add237ff33d4d4=1490357123; Hm_lpvt_f7af8e8a38a0e72bc5add237ff33d4d4=1490357593; CNZZDATA681872=cnzz_eid%3D907172001-1488945760-%26ntime%3D1490791929',
  'alexatoolbar-alx_ns_ph' => 'AlexaToolbar/alx-4.0',
)
[ info ] [ PARAM ] array (
  'cateid' => '1',
)
[ info ] [ DB ] INIT mysql
[ info ] [ RUN ] app\index\controller\Lst->index[ C:\wamp64\www\blog\application\index\controller\Lst.php ]
[ info ] [ VIEW ] C:\wamp64\www\blog\public/../application/index\view\lst\lst.html [ array (
  0 => 'navres',
  1 => 'hotartres',
  2 => 'artres',
  3 => 'catename',
) ]
[ info ] [ LOG ] INIT File
[ sql ] [ DB ] CONNECT:[ UseTime:0.001277s ] mysql:dbname=myblog;host=127.0.0.1;charset=utf8
[ sql ] [ SQL ] SHOW COLUMNS FROM `blog_cate` [ RunTime:0.000927s ]
[ sql ] [ SQL ] SELECT * FROM `blog_cate` ORDER BY id asc [ RunTime:0.000504s ]
[ sql ] [ SQL ] SHOW COLUMNS FROM `blog_article` [ RunTime:0.000885s ]
[ sql ] [ SQL ] SELECT * FROM `blog_article` ORDER BY click desc LIMIT 10 [ RunTime:0.000609s ]
[ sql ] [ SQL ] SELECT `catename` FROM `blog_cate` WHERE  `id` = 1 LIMIT 1 [ RunTime:0.000452s ]
[ sql ] [ SQL ] SELECT COUNT(*) AS tp_count FROM `blog_article` WHERE  `cateid` = 1 LIMIT 1 [ RunTime:0.000522s ]
[ sql ] [ SQL ] SELECT * FROM `blog_article` WHERE  `cateid` = 1 ORDER BY id desc LIMIT 0,2 [ RunTime:0.000535s ]

---------------------------------------------------------------
[ 2017-03-30T20:29:53+08:00 ] 127.0.0.1 127.0.0.1 GET /blog/public/index.php/index/time/index
[ log ] 127.0.0.1/blog/public/index.php/index/time/index [运行时间：0.120295s][吞吐率：8.31req/s] [内存消耗：2,519.06kb] [文件加载：41]
[ info ] [ LANG ] C:\wamp64\www\blog\thinkphp\lang\zh-cn.php
[ info ] [ ROUTE ] array (
  'type' => 'module',
  'module' => 
  array (
    0 => 'index',
    1 => 'time',
    2 => 'index',
  ),
)
[ info ] [ HEADER ] array (
  'host' => '127.0.0.1',
  'connection' => 'keep-alive',
  'upgrade-insecure-requests' => '1',
  'user-agent' => 'Mozilla/5.0 (Windows NT 10.0; Win64; x64) AppleWebKit/537.36 (KHTML, like Gecko) Chrome/56.0.2924.87 Safari/537.36',
  'accept' => 'text/html,application/xhtml+xml,application/xml;q=0.9,image/webp,*/*;q=0.8',
  'accept-encoding' => 'gzip, deflate, sdch, br',
  'accept-language' => 'zh-CN,zh;q=0.8,zh-TW;q=0.6,en-US;q=0.4,en;q=0.2,en-CA;q=0.2',
  'cookie' => '_ga=GA1.1.1330015033.1473246793; UM_distinctid=15ab895b67662c-0f2952577180c6-57e1b3c-144000-15ab895b6777fe; PHPSESSID=6gcsp6thbd9nb3c7mnnp7a6s06; Hm_lvt_f7af8e8a38a0e72bc5add237ff33d4d4=1490357123; Hm_lpvt_f7af8e8a38a0e72bc5add237ff33d4d4=1490357593; CNZZDATA681872=cnzz_eid%3D907172001-1488945760-%26ntime%3D1490791929',
  'alexatoolbar-alx_ns_ph' => 'AlexaToolbar/alx-4.0',
)
[ info ] [ PARAM ] array (
)
[ info ] [ LOG ] INIT File
[ error ] [4]语法错误: unexpected ';'[C:\wamp64\www\blog\application\index\controller\Time.php:10]

---------------------------------------------------------------
[ 2017-03-30T20:30:47+08:00 ] 127.0.0.1 127.0.0.1 GET /blog/public/index.php/index/time/index
[ log ] 127.0.0.1/blog/public/index.php/index/time/index [运行时间：0.058182s][吞吐率：17.19req/s] [内存消耗：2,597.10kb] [文件加载：44]
[ info ] [ LANG ] C:\wamp64\www\blog\thinkphp\lang\zh-cn.php
[ info ] [ ROUTE ] array (
  'type' => 'module',
  'module' => 
  array (
    0 => 'index',
    1 => 'time',
    2 => 'index',
  ),
)
[ info ] [ HEADER ] array (
  'host' => '127.0.0.1',
  'connection' => 'keep-alive',
  'cache-control' => 'max-age=0',
  'upgrade-insecure-requests' => '1',
  'user-agent' => 'Mozilla/5.0 (Windows NT 10.0; Win64; x64) AppleWebKit/537.36 (KHTML, like Gecko) Chrome/56.0.2924.87 Safari/537.36',
  'accept' => 'text/html,application/xhtml+xml,application/xml;q=0.9,image/webp,*/*;q=0.8',
  'accept-encoding' => 'gzip, deflate, sdch, br',
  'accept-language' => 'zh-CN,zh;q=0.8,zh-TW;q=0.6,en-US;q=0.4,en;q=0.2,en-CA;q=0.2',
  'cookie' => '_ga=GA1.1.1330015033.1473246793; UM_distinctid=15ab895b67662c-0f2952577180c6-57e1b3c-144000-15ab895b6777fe; PHPSESSID=6gcsp6thbd9nb3c7mnnp7a6s06; Hm_lvt_f7af8e8a38a0e72bc5add237ff33d4d4=1490357123; Hm_lpvt_f7af8e8a38a0e72bc5add237ff33d4d4=1490357593; CNZZDATA681872=cnzz_eid%3D907172001-1488945760-%26ntime%3D1490791929',
  'alexatoolbar-alx_ns_ph' => 'AlexaToolbar/alx-4.0',
)
[ info ] [ PARAM ] array (
)
[ info ] [ LOG ] INIT File

---------------------------------------------------------------
[ 2017-03-30T20:30:52+08:00 ] 127.0.0.1 127.0.0.1 GET /blog/public/index.php/index/time/index
[ log ] 127.0.0.1/blog/public/index.php/index/time/index [运行时间：0.055465s][吞吐率：18.03req/s] [内存消耗：2,597.10kb] [文件加载：44]
[ info ] [ LANG ] C:\wamp64\www\blog\thinkphp\lang\zh-cn.php
[ info ] [ ROUTE ] array (
  'type' => 'module',
  'module' => 
  array (
    0 => 'index',
    1 => 'time',
    2 => 'index',
  ),
)
[ info ] [ HEADER ] array (
  'host' => '127.0.0.1',
  'connection' => 'keep-alive',
  'cache-control' => 'max-age=0',
  'upgrade-insecure-requests' => '1',
  'user-agent' => 'Mozilla/5.0 (Windows NT 10.0; Win64; x64) AppleWebKit/537.36 (KHTML, like Gecko) Chrome/56.0.2924.87 Safari/537.36',
  'accept' => 'text/html,application/xhtml+xml,application/xml;q=0.9,image/webp,*/*;q=0.8',
  'accept-encoding' => 'gzip, deflate, sdch, br',
  'accept-language' => 'zh-CN,zh;q=0.8,zh-TW;q=0.6,en-US;q=0.4,en;q=0.2,en-CA;q=0.2',
  'cookie' => '_ga=GA1.1.1330015033.1473246793; UM_distinctid=15ab895b67662c-0f2952577180c6-57e1b3c-144000-15ab895b6777fe; PHPSESSID=6gcsp6thbd9nb3c7mnnp7a6s06; Hm_lvt_f7af8e8a38a0e72bc5add237ff33d4d4=1490357123; Hm_lpvt_f7af8e8a38a0e72bc5add237ff33d4d4=1490357593; CNZZDATA681872=cnzz_eid%3D907172001-1488945760-%26ntime%3D1490791929',
  'alexatoolbar-alx_ns_ph' => 'AlexaToolbar/alx-4.0',
)
[ info ] [ PARAM ] array (
)
[ info ] [ LOG ] INIT File

---------------------------------------------------------------
[ 2017-03-30T20:31:02+08:00 ] 127.0.0.1 127.0.0.1 GET /blog/public/index.php/index/time/index
[ log ] 127.0.0.1/blog/public/index.php/index/time/index [运行时间：0.124737s][吞吐率：8.02req/s] [内存消耗：4,326.51kb] [文件加载：56]
[ info ] [ LANG ] C:\wamp64\www\blog\thinkphp\lang\zh-cn.php
[ info ] [ ROUTE ] array (
  'type' => 'module',
  'module' => 
  array (
    0 => 'index',
    1 => 'time',
    2 => 'index',
  ),
)
[ info ] [ HEADER ] array (
  'host' => '127.0.0.1',
  'connection' => 'keep-alive',
  'cache-control' => 'max-age=0',
  'upgrade-insecure-requests' => '1',
  'user-agent' => 'Mozilla/5.0 (Windows NT 10.0; Win64; x64) AppleWebKit/537.36 (KHTML, like Gecko) Chrome/56.0.2924.87 Safari/537.36',
  'accept' => 'text/html,application/xhtml+xml,application/xml;q=0.9,image/webp,*/*;q=0.8',
  'accept-encoding' => 'gzip, deflate, sdch, br',
  'accept-language' => 'zh-CN,zh;q=0.8,zh-TW;q=0.6,en-US;q=0.4,en;q=0.2,en-CA;q=0.2',
  'cookie' => '_ga=GA1.1.1330015033.1473246793; UM_distinctid=15ab895b67662c-0f2952577180c6-57e1b3c-144000-15ab895b6777fe; PHPSESSID=6gcsp6thbd9nb3c7mnnp7a6s06; Hm_lvt_f7af8e8a38a0e72bc5add237ff33d4d4=1490357123; Hm_lpvt_f7af8e8a38a0e72bc5add237ff33d4d4=1490357593; CNZZDATA681872=cnzz_eid%3D907172001-1488945760-%26ntime%3D1490791929',
  'alexatoolbar-alx_ns_ph' => 'AlexaToolbar/alx-4.0',
)
[ info ] [ PARAM ] array (
)
[ info ] [ DB ] INIT mysql
[ info ] [ RUN ] app\index\controller\Time->index[ C:\wamp64\www\blog\application\index\controller\Time.php ]
[ info ] [ LOG ] INIT File
[ sql ] [ DB ] CONNECT:[ UseTime:0.010486s ] mysql:dbname=myblog;host=127.0.0.1;charset=utf8
[ sql ] [ SQL ] SHOW COLUMNS FROM `blog_cate` [ RunTime:0.001122s ]
[ sql ] [ SQL ] SELECT * FROM `blog_cate` ORDER BY id asc [ RunTime:0.000836s ]
[ sql ] [ SQL ] SHOW COLUMNS FROM `blog_article` [ RunTime:0.000784s ]
[ sql ] [ SQL ] SELECT * FROM `blog_article` ORDER BY click desc LIMIT 10 [ RunTime:0.000661s ]
[ error ] [1]Call to undefined function app\index\controller\NOW()[C:\wamp64\www\blog\application\index\controller\Time.php:10]

---------------------------------------------------------------
[ 2017-03-30T20:31:16+08:00 ] 127.0.0.1 127.0.0.1 GET /blog/public/index.php/index/time/index
[ log ] 127.0.0.1/blog/public/index.php/index/time/index [运行时间：0.126091s][吞吐率：7.93req/s] [内存消耗：4,326.20kb] [文件加载：56]
[ info ] [ LANG ] C:\wamp64\www\blog\thinkphp\lang\zh-cn.php
[ info ] [ ROUTE ] array (
  'type' => 'module',
  'module' => 
  array (
    0 => 'index',
    1 => 'time',
    2 => 'index',
  ),
)
[ info ] [ HEADER ] array (
  'host' => '127.0.0.1',
  'connection' => 'keep-alive',
  'cache-control' => 'max-age=0',
  'upgrade-insecure-requests' => '1',
  'user-agent' => 'Mozilla/5.0 (Windows NT 10.0; Win64; x64) AppleWebKit/537.36 (KHTML, like Gecko) Chrome/56.0.2924.87 Safari/537.36',
  'accept' => 'text/html,application/xhtml+xml,application/xml;q=0.9,image/webp,*/*;q=0.8',
  'accept-encoding' => 'gzip, deflate, sdch, br',
  'accept-language' => 'zh-CN,zh;q=0.8,zh-TW;q=0.6,en-US;q=0.4,en;q=0.2,en-CA;q=0.2',
  'cookie' => '_ga=GA1.1.1330015033.1473246793; UM_distinctid=15ab895b67662c-0f2952577180c6-57e1b3c-144000-15ab895b6777fe; PHPSESSID=6gcsp6thbd9nb3c7mnnp7a6s06; Hm_lvt_f7af8e8a38a0e72bc5add237ff33d4d4=1490357123; Hm_lpvt_f7af8e8a38a0e72bc5add237ff33d4d4=1490357593; CNZZDATA681872=cnzz_eid%3D907172001-1488945760-%26ntime%3D1490791929',
  'alexatoolbar-alx_ns_ph' => 'AlexaToolbar/alx-4.0',
)
[ info ] [ PARAM ] array (
)
[ info ] [ DB ] INIT mysql
[ info ] [ RUN ] app\index\controller\Time->index[ C:\wamp64\www\blog\application\index\controller\Time.php ]
[ info ] [ LOG ] INIT File
[ sql ] [ DB ] CONNECT:[ UseTime:0.010731s ] mysql:dbname=myblog;host=127.0.0.1;charset=utf8
[ sql ] [ SQL ] SHOW COLUMNS FROM `blog_cate` [ RunTime:0.000787s ]
[ sql ] [ SQL ] SELECT * FROM `blog_cate` ORDER BY id asc [ RunTime:0.000647s ]
[ sql ] [ SQL ] SHOW COLUMNS FROM `blog_article` [ RunTime:0.000770s ]
[ sql ] [ SQL ] SELECT * FROM `blog_article` ORDER BY click desc LIMIT 10 [ RunTime:0.000571s ]
[ error ] [1]Call to undefined function app\index\controller\NOW()[C:\wamp64\www\blog\application\index\controller\Time.php:10]

---------------------------------------------------------------
[ 2017-03-30T20:33:39+08:00 ] 127.0.0.1 127.0.0.1 GET /blog/public/index.php/index/time/index
[ log ] 127.0.0.1/blog/public/index.php/index/time/index [运行时间：0.090319s][吞吐率：11.07req/s] [内存消耗：2,519.02kb] [文件加载：41]
[ info ] [ LANG ] C:\wamp64\www\blog\thinkphp\lang\zh-cn.php
[ info ] [ ROUTE ] array (
  'type' => 'module',
  'module' => 
  array (
    0 => 'index',
    1 => 'time',
    2 => 'index',
  ),
)
[ info ] [ HEADER ] array (
  'host' => '127.0.0.1',
  'connection' => 'keep-alive',
  'cache-control' => 'max-age=0',
  'upgrade-insecure-requests' => '1',
  'user-agent' => 'Mozilla/5.0 (Windows NT 10.0; Win64; x64) AppleWebKit/537.36 (KHTML, like Gecko) Chrome/56.0.2924.87 Safari/537.36',
  'accept' => 'text/html,application/xhtml+xml,application/xml;q=0.9,image/webp,*/*;q=0.8',
  'accept-encoding' => 'gzip, deflate, sdch, br',
  'accept-language' => 'zh-CN,zh;q=0.8,zh-TW;q=0.6,en-US;q=0.4,en;q=0.2,en-CA;q=0.2',
  'cookie' => '_ga=GA1.1.1330015033.1473246793; UM_distinctid=15ab895b67662c-0f2952577180c6-57e1b3c-144000-15ab895b6777fe; PHPSESSID=6gcsp6thbd9nb3c7mnnp7a6s06; Hm_lvt_f7af8e8a38a0e72bc5add237ff33d4d4=1490357123; Hm_lpvt_f7af8e8a38a0e72bc5add237ff33d4d4=1490357593; CNZZDATA681872=cnzz_eid%3D907172001-1488945760-%26ntime%3D1490791929',
  'alexatoolbar-alx_ns_ph' => 'AlexaToolbar/alx-4.0',
)
[ info ] [ PARAM ] array (
)
[ info ] [ LOG ] INIT File
[ error ] [4]语法错误: unexpected '$month' (T_VARIABLE)[C:\wamp64\www\blog\application\index\controller\Time.php:10]

---------------------------------------------------------------
